# JRE version: OpenJDK Runtime Environment (8.0_202-b03) (build 1.8.0_202-release-1483-b03)
# Java VM: OpenJDK 64-Bit Server VM (25.202-b03 mixed mode windows-amd64 compressed oops)
Heap:
 PSYoungGen      total 214016K, used 101968K [0x00000000e0000000, 0x00000000eed00000, 0x0000000100000000)
  eden space 196096K, 42% used [0x00000000e0000000,0x00000000e5238cf0,0x00000000ebf80000)
  from space 17920K, 99% used [0x00000000edb80000,0x00000000eecdb438,0x00000000eed00000)
  to   space 20992K, 0% used [0x00000000ec400000,0x00000000ec400000,0x00000000ed880000)
 ParOldGen       total 123904K, used 37129K [0x00000000a0000000, 0x00000000a7900000, 0x00000000e0000000)
  object space 123904K, 29% used [0x00000000a0000000,0x00000000a24424f8,0x00000000a7900000)
 Metaspace       used 74253K, capacity 77124K, committed 77400K, reserved 1116160K
  class space    used 9871K, capacity 10562K, committed 10624K, reserved 1048576K
GC Heap History (10 events):
Event: 11.586 GC heap before
{Heap before GC invocations=11 (full 2):
 PSYoungGen      total 126464K, used 10728K [0x00000000e0000000, 0x00000000eba80000, 0x0000000100000000)
  eden space 115712K, 0% used [0x00000000e0000000,0x00000000e0000000,0x00000000e7100000)
  from space 10752K, 99% used [0x00000000e7100000,0x00000000e7b7a020,0x00000000e7b80000)
  to   space 11776K, 0% used [0x00000000eaf00000,0x00000000eaf00000,0x00000000eba80000)
 ParOldGen       total 53248K, used 8396K [0x00000000a0000000, 0x00000000a3400000, 0x00000000e0000000)
  object space 53248K, 15% used [0x00000000a0000000,0x00000000a08331c8,0x00000000a3400000)
 Metaspace       used 34526K, capacity 35234K, committed 35416K, reserved 1079296K
  class space    used 4743K, capacity 4970K, committed 4992K, reserved 1048576K
Event: 11.662 GC heap after
Heap after GC invocations=11 (full 2):
 PSYoungGen      total 126464K, used 0K [0x00000000e0000000, 0x00000000eba80000, 0x0000000100000000)
  eden space 115712K, 0% used [0x00000000e0000000,0x00000000e0000000,0x00000000e7100000)
  from space 10752K, 0% used [0x00000000e7100000,0x00000000e7100000,0x00000000e7b80000)
  to   space 11776K, 0% used [0x00000000eaf00000,0x00000000eaf00000,0x00000000eba80000)
 ParOldGen       total 81408K, used 17946K [0x00000000a0000000, 0x00000000a4f80000, 0x00000000e0000000)
  object space 81408K, 22% used [0x00000000a0000000,0x00000000a1186be8,0x00000000a4f80000)
 Metaspace       used 34524K, capacity 35228K, committed 35416K, reserved 1079296K
  class space    used 4742K, capacity 4969K, committed 4992K, reserved 1048576K
}
Event: 14.114 GC heap before
{Heap before GC invocations=12 (full 2):
 PSYoungGen      total 126464K, used 115712K [0x00000000e0000000, 0x00000000eba80000, 0x0000000100000000)
  eden space 115712K, 100% used [0x00000000e0000000,0x00000000e7100000,0x00000000e7100000)
  from space 10752K, 0% used [0x00000000e7100000,0x00000000e7100000,0x00000000e7b80000)
  to   space 11776K, 0% used [0x00000000eaf00000,0x00000000eaf00000,0x00000000eba80000)
 ParOldGen       total 81408K, used 17946K [0x00000000a0000000, 0x00000000a4f80000, 0x00000000e0000000)
  object space 81408K, 22% used [0x00000000a0000000,0x00000000a1186be8,0x00000000a4f80000)
 Metaspace       used 45156K, capacity 46236K, committed 46552K, reserved 1089536K
  class space    used 6075K, capacity 6393K, committed 6400K, reserved 1048576K
Event: 14.164 GC heap after
Heap after GC invocations=12 (full 2):
 PSYoungGen      total 166912K, used 11767K [0x00000000e0000000, 0x00000000eba80000, 0x0000000100000000)
  eden space 155136K, 0% used [0x00000000e0000000,0x00000000e0000000,0x00000000e9780000)
  from space 11776K, 99% used [0x00000000eaf00000,0x00000000eba7dd70,0x00000000eba80000)
  to   space 14336K, 0% used [0x00000000e9e80000,0x00000000e9e80000,0x00000000eac80000)
 ParOldGen       total 81408K, used 21213K [0x00000000a0000000, 0x00000000a4f80000, 0x00000000e0000000)
  object space 81408K, 26% used [0x00000000a0000000,0x00000000a14b7550,0x00000000a4f80000)
 Metaspace       used 45156K, capacity 46236K, committed 46552K, reserved 1089536K
  class space    used 6075K, capacity 6393K, committed 6400K, reserved 1048576K
}
Event: 16.856 GC heap before
{Heap before GC invocations=13 (full 2):
 PSYoungGen      total 166912K, used 144454K [0x00000000e0000000, 0x00000000eba80000, 0x0000000100000000)
  eden space 155136K, 85% used [0x00000000e0000000,0x00000000e8193df0,0x00000000e9780000)
  from space 11776K, 99% used [0x00000000eaf00000,0x00000000eba7dd70,0x00000000eba80000)
  to   space 14336K, 0% used [0x00000000e9e80000,0x00000000e9e80000,0x00000000eac80000)
 ParOldGen       total 81408K, used 21213K [0x00000000a0000000, 0x00000000a4f80000, 0x00000000e0000000)
  object space 81408K, 26% used [0x00000000a0000000,0x00000000a14b7550,0x00000000a4f80000)
 Metaspace       used 57235K, capacity 58808K, committed 58968K, reserved 1099776K
  class space    used 7807K, capacity 8195K, committed 8320K, reserved 1048576K
Event: 16.891 GC heap after
Heap after GC invocations=13 (full 2):
 PSYoungGen      total 176640K, used 14327K [0x00000000e0000000, 0x00000000eee00000, 0x0000000100000000)
  eden space 162304K, 0% used [0x00000000e0000000,0x00000000e0000000,0x00000000e9e80000)
  from space 14336K, 99% used [0x00000000e9e80000,0x00000000eac7df58,0x00000000eac80000)
  to   space 18944K, 0% used [0x00000000edb80000,0x00000000edb80000,0x00000000eee00000)
 ParOldGen       total 81408K, used 29369K [0x00000000a0000000, 0x00000000a4f80000, 0x00000000e0000000)
  object space 81408K, 36% used [0x00000000a0000000,0x00000000a1cae5a0,0x00000000a4f80000)
 Metaspace       used 57235K, capacity 58808K, committed 58968K, reserved 1099776K
  class space    used 7807K, capacity 8195K, committed 8320K, reserved 1048576K
}
Event: 16.891 GC heap before
{Heap before GC invocations=14 (full 3):
 PSYoungGen      total 176640K, used 14327K [0x00000000e0000000, 0x00000000eee00000, 0x0000000100000000)
  eden space 162304K, 0% used [0x00000000e0000000,0x00000000e0000000,0x00000000e9e80000)
  from space 14336K, 99% used [0x00000000e9e80000,0x00000000eac7df58,0x00000000eac80000)
  to   space 18944K, 0% used [0x00000000edb80000,0x00000000edb80000,0x00000000eee00000)
 ParOldGen       total 81408K, used 29369K [0x00000000a0000000, 0x00000000a4f80000, 0x00000000e0000000)
  object space 81408K, 36% used [0x00000000a0000000,0x00000000a1cae5a0,0x00000000a4f80000)
 Metaspace       used 57235K, capacity 58808K, committed 58968K, reserved 1099776K
  class space    used 7807K, capacity 8195K, committed 8320K, reserved 1048576K
Event: 17.129 GC heap after
Heap after GC invocations=14 (full 3):
 PSYoungGen      total 176640K, used 0K [0x00000000e0000000, 0x00000000eee00000, 0x0000000100000000)
  eden space 162304K, 0% used [0x00000000e0000000,0x00000000e0000000,0x00000000e9e80000)
  from space 14336K, 0% used [0x00000000e9e80000,0x00000000e9e80000,0x00000000eac80000)
  to   space 18944K, 0% used [0x00000000edb80000,0x00000000edb80000,0x00000000eee00000)
 ParOldGen       total 123904K, used 37121K [0x00000000a0000000, 0x00000000a7900000, 0x00000000e0000000)
  object space 123904K, 29% used [0x00000000a0000000,0x00000000a24404f8,0x00000000a7900000)
 Metaspace       used 57235K, capacity 58808K, committed 58968K, reserved 1099776K
  class space    used 7807K, capacity 8195K, committed 8320K, reserved 1048576K
}
Event: 1152.632 GC heap before
{Heap before GC invocations=15 (full 3):
 PSYoungGen      total 176640K, used 162304K [0x00000000e0000000, 0x00000000eee00000, 0x0000000100000000)
  eden space 162304K, 100% used [0x00000000e0000000,0x00000000e9e80000,0x00000000e9e80000)
  from space 14336K, 0% used [0x00000000e9e80000,0x00000000e9e80000,0x00000000eac80000)
  to   space 18944K, 0% used [0x00000000edb80000,0x00000000edb80000,0x00000000eee00000)
 ParOldGen       total 123904K, used 37121K [0x00000000a0000000, 0x00000000a7900000, 0x00000000e0000000)
  object space 123904K, 29% used [0x00000000a0000000,0x00000000a24404f8,0x00000000a7900000)
 Metaspace       used 68390K, capacity 70760K, committed 71128K, reserved 1110016K
  class space    used 9008K, capacity 9602K, committed 9728K, reserved 1048576K
Event: 1152.676 GC heap after
Heap after GC invocations=15 (full 3):
 PSYoungGen      total 214016K, used 17773K [0x00000000e0000000, 0x00000000eed00000, 0x0000000100000000)
  eden space 196096K, 0% used [0x00000000e0000000,0x00000000e0000000,0x00000000ebf80000)
  from space 17920K, 99% used [0x00000000edb80000,0x00000000eecdb438,0x00000000eed00000)
  to   space 20992K, 0% used [0x00000000ec400000,0x00000000ec400000,0x00000000ed880000)
 ParOldGen       total 123904K, used 37129K [0x00000000a0000000, 0x00000000a7900000, 0x00000000e0000000)
  object space 123904K, 29% used [0x00000000a0000000,0x00000000a24424f8,0x00000000a7900000)
 Metaspace       used 68390K, capacity 70760K, committed 71128K, reserved 1110016K
  class space    used 9008K, capacity 9602K, committed 9728K, reserved 1048576K
}

